{"C:\\Users\\222148\\Documents\\optinoptout\\handler.js": {"path":"C:\\Users\\222148\\Documents\\optinoptout\\handler.js","statementMap":{"0":{"start":{"line":3,"column":15},"end":{"line":3,"column":45}},"1":{"start":{"line":5,"column":0},"end":{"line":7,"column":2}},"2":{"start":{"line":6,"column":2},"end":{"line":6,"column":66}},"3":{"start":{"line":9,"column":0},"end":{"line":16,"column":2}},"4":{"start":{"line":10,"column":2},"end":{"line":15,"column":15}},"5":{"start":{"line":19,"column":0},"end":{"line":21,"column":2}},"6":{"start":{"line":20,"column":2},"end":{"line":20,"column":65}},"7":{"start":{"line":24,"column":0},"end":{"line":26,"column":2}},"8":{"start":{"line":25,"column":2},"end":{"line":25,"column":65}},"9":{"start":{"line":28,"column":15},"end":{"line":34,"column":1}},"10":{"start":{"line":29,"column":2},"end":{"line":33,"column":4}},"11":{"start":{"line":30,"column":4},"end":{"line":30,"column":29}},"12":{"start":{"line":32,"column":4},"end":{"line":32,"column":23}},"13":{"start":{"line":36,"column":14},"end":{"line":44,"column":1}},"14":{"start":{"line":38,"column":17},"end":{"line":42,"column":3}},"15":{"start":{"line":43,"column":2},"end":{"line":43,"column":27}},"16":{"start":{"line":47,"column":11},"end":{"line":55,"column":1}},"17":{"start":{"line":49,"column":17},"end":{"line":53,"column":3}},"18":{"start":{"line":54,"column":2},"end":{"line":54,"column":27}}},"fnMap":{"0":{"name":"(anonymous_0)","decl":{"start":{"line":5,"column":24},"end":{"line":5,"column":25}},"loc":{"start":{"line":5,"column":60},"end":{"line":7,"column":1}},"line":5},"1":{"name":"(anonymous_1)","decl":{"start":{"line":9,"column":27},"end":{"line":9,"column":28}},"loc":{"start":{"line":9,"column":63},"end":{"line":16,"column":1}},"line":9},"2":{"name":"(anonymous_2)","decl":{"start":{"line":19,"column":24},"end":{"line":19,"column":25}},"loc":{"start":{"line":19,"column":60},"end":{"line":21,"column":1}},"line":19},"3":{"name":"(anonymous_3)","decl":{"start":{"line":24,"column":24},"end":{"line":24,"column":25}},"loc":{"start":{"line":24,"column":60},"end":{"line":26,"column":1}},"line":24},"4":{"name":"(anonymous_4)","decl":{"start":{"line":28,"column":15},"end":{"line":28,"column":16}},"loc":{"start":{"line":28,"column":38},"end":{"line":34,"column":1}},"line":28},"5":{"name":"(anonymous_5)","decl":{"start":{"line":29,"column":17},"end":{"line":29,"column":18}},"loc":{"start":{"line":29,"column":28},"end":{"line":31,"column":3}},"line":29},"6":{"name":"(anonymous_6)","decl":{"start":{"line":31,"column":11},"end":{"line":31,"column":12}},"loc":{"start":{"line":31,"column":19},"end":{"line":33,"column":3}},"line":31},"7":{"name":"(anonymous_7)","decl":{"start":{"line":36,"column":14},"end":{"line":36,"column":15}},"loc":{"start":{"line":36,"column":35},"end":{"line":44,"column":1}},"line":36},"8":{"name":"(anonymous_8)","decl":{"start":{"line":47,"column":11},"end":{"line":47,"column":12}},"loc":{"start":{"line":47,"column":32},"end":{"line":55,"column":1}},"line":47}},"branchMap":{},"s":{"0":1,"1":1,"2":1,"3":1,"4":1,"5":1,"6":2,"7":1,"8":0,"9":1,"10":0,"11":0,"12":0,"13":1,"14":0,"15":0,"16":1,"17":0,"18":0},"f":{"0":1,"1":1,"2":2,"3":0,"4":0,"5":0,"6":0,"7":0,"8":0},"b":{},"_coverageSchema":"43e27e138ebf9cfc5966b082cf9a028302ed4184","hash":"37de71c9008a58fa52409294f8b143a8fa2df642"}
,"C:\\Users\\222148\\Documents\\optinoptout\\database\\dynamodb.js": {"path":"C:\\Users\\222148\\Documents\\optinoptout\\database\\dynamodb.js","statementMap":{"0":{"start":{"line":3,"column":10},"end":{"line":3,"column":28}},"1":{"start":{"line":4,"column":13},"end":{"line":4,"column":30}},"2":{"start":{"line":7,"column":16},"end":{"line":9,"column":2}},"3":{"start":{"line":12,"column":0},"end":{"line":27,"column":1}},"4":{"start":{"line":13,"column":4},"end":{"line":13,"column":24}},"5":{"start":{"line":14,"column":4},"end":{"line":25,"column":7}},"6":{"start":{"line":15,"column":8},"end":{"line":24,"column":11}},"7":{"start":{"line":16,"column":12},"end":{"line":19,"column":13}},"8":{"start":{"line":17,"column":16},"end":{"line":17,"column":35}},"9":{"start":{"line":18,"column":16},"end":{"line":18,"column":28}},"10":{"start":{"line":20,"column":12},"end":{"line":20,"column":41}},"11":{"start":{"line":21,"column":29},"end":{"line":21,"column":63}},"12":{"start":{"line":22,"column":12},"end":{"line":22,"column":30}},"13":{"start":{"line":29,"column":0},"end":{"line":41,"column":1}},"14":{"start":{"line":30,"column":4},"end":{"line":40,"column":7}},"15":{"start":{"line":31,"column":8},"end":{"line":39,"column":11}},"16":{"start":{"line":32,"column":12},"end":{"line":38,"column":13}},"17":{"start":{"line":33,"column":16},"end":{"line":33,"column":42}},"18":{"start":{"line":34,"column":16},"end":{"line":34,"column":25}},"19":{"start":{"line":36,"column":16},"end":{"line":36,"column":45}},"20":{"start":{"line":37,"column":16},"end":{"line":37,"column":26}},"21":{"start":{"line":43,"column":0},"end":{"line":55,"column":1}},"22":{"start":{"line":44,"column":4},"end":{"line":54,"column":7}},"23":{"start":{"line":45,"column":8},"end":{"line":53,"column":11}},"24":{"start":{"line":46,"column":12},"end":{"line":52,"column":13}},"25":{"start":{"line":47,"column":16},"end":{"line":47,"column":42}},"26":{"start":{"line":48,"column":16},"end":{"line":48,"column":25}},"27":{"start":{"line":50,"column":16},"end":{"line":50,"column":45}},"28":{"start":{"line":51,"column":16},"end":{"line":51,"column":26}},"29":{"start":{"line":57,"column":0},"end":{"line":84,"column":1}},"30":{"start":{"line":58,"column":17},"end":{"line":68,"column":5}},"31":{"start":{"line":69,"column":4},"end":{"line":69,"column":44}},"32":{"start":{"line":70,"column":4},"end":{"line":70,"column":37}},"33":{"start":{"line":71,"column":4},"end":{"line":71,"column":24}},"34":{"start":{"line":73,"column":4},"end":{"line":83,"column":7}},"35":{"start":{"line":74,"column":8},"end":{"line":82,"column":11}},"36":{"start":{"line":75,"column":12},"end":{"line":81,"column":13}},"37":{"start":{"line":76,"column":16},"end":{"line":76,"column":42}},"38":{"start":{"line":77,"column":16},"end":{"line":77,"column":25}},"39":{"start":{"line":79,"column":16},"end":{"line":79,"column":45}},"40":{"start":{"line":80,"column":16},"end":{"line":80,"column":26}}},"fnMap":{"0":{"name":"(anonymous_0)","decl":{"start":{"line":12,"column":25},"end":{"line":12,"column":26}},"loc":{"start":{"line":12,"column":37},"end":{"line":27,"column":1}},"line":12},"1":{"name":"(anonymous_1)","decl":{"start":{"line":14,"column":23},"end":{"line":14,"column":24}},"loc":{"start":{"line":14,"column":44},"end":{"line":25,"column":5}},"line":14},"2":{"name":"(anonymous_2)","decl":{"start":{"line":15,"column":30},"end":{"line":15,"column":31}},"loc":{"start":{"line":15,"column":51},"end":{"line":24,"column":9}},"line":15},"3":{"name":"(anonymous_3)","decl":{"start":{"line":29,"column":24},"end":{"line":29,"column":25}},"loc":{"start":{"line":29,"column":40},"end":{"line":41,"column":1}},"line":29},"4":{"name":"(anonymous_4)","decl":{"start":{"line":30,"column":23},"end":{"line":30,"column":24}},"loc":{"start":{"line":30,"column":37},"end":{"line":40,"column":5}},"line":30},"5":{"name":"(anonymous_5)","decl":{"start":{"line":31,"column":37},"end":{"line":31,"column":38}},"loc":{"start":{"line":31,"column":58},"end":{"line":39,"column":9}},"line":31},"6":{"name":"(anonymous_6)","decl":{"start":{"line":43,"column":25},"end":{"line":43,"column":26}},"loc":{"start":{"line":43,"column":38},"end":{"line":55,"column":1}},"line":43},"7":{"name":"(anonymous_7)","decl":{"start":{"line":44,"column":23},"end":{"line":44,"column":24}},"loc":{"start":{"line":44,"column":37},"end":{"line":54,"column":5}},"line":44},"8":{"name":"(anonymous_8)","decl":{"start":{"line":45,"column":31},"end":{"line":45,"column":32}},"loc":{"start":{"line":45,"column":52},"end":{"line":53,"column":9}},"line":45},"9":{"name":"(anonymous_9)","decl":{"start":{"line":57,"column":24},"end":{"line":57,"column":25}},"loc":{"start":{"line":57,"column":40},"end":{"line":84,"column":1}},"line":57},"10":{"name":"(anonymous_10)","decl":{"start":{"line":73,"column":23},"end":{"line":73,"column":24}},"loc":{"start":{"line":73,"column":37},"end":{"line":83,"column":5}},"line":73},"11":{"name":"(anonymous_11)","decl":{"start":{"line":74,"column":33},"end":{"line":74,"column":34}},"loc":{"start":{"line":74,"column":54},"end":{"line":82,"column":9}},"line":74}},"branchMap":{"0":{"loc":{"start":{"line":16,"column":12},"end":{"line":19,"column":13}},"type":"if","locations":[{"start":{"line":16,"column":12},"end":{"line":19,"column":13}},{"start":{"line":16,"column":12},"end":{"line":19,"column":13}}],"line":16},"1":{"loc":{"start":{"line":32,"column":12},"end":{"line":38,"column":13}},"type":"if","locations":[{"start":{"line":32,"column":12},"end":{"line":38,"column":13}},{"start":{"line":32,"column":12},"end":{"line":38,"column":13}}],"line":32},"2":{"loc":{"start":{"line":46,"column":12},"end":{"line":52,"column":13}},"type":"if","locations":[{"start":{"line":46,"column":12},"end":{"line":52,"column":13}},{"start":{"line":46,"column":12},"end":{"line":52,"column":13}}],"line":46},"3":{"loc":{"start":{"line":75,"column":12},"end":{"line":81,"column":13}},"type":"if","locations":[{"start":{"line":75,"column":12},"end":{"line":81,"column":13}},{"start":{"line":75,"column":12},"end":{"line":81,"column":13}}],"line":75}},"s":{"0":1,"1":1,"2":1,"3":1,"4":0,"5":0,"6":0,"7":0,"8":0,"9":0,"10":0,"11":0,"12":0,"13":1,"14":0,"15":0,"16":0,"17":0,"18":0,"19":0,"20":0,"21":1,"22":0,"23":0,"24":0,"25":0,"26":0,"27":0,"28":0,"29":1,"30":0,"31":0,"32":0,"33":0,"34":0,"35":0,"36":0,"37":0,"38":0,"39":0,"40":0},"f":{"0":0,"1":0,"2":0,"3":0,"4":0,"5":0,"6":0,"7":0,"8":0,"9":0,"10":0,"11":0},"b":{"0":[0,0],"1":[0,0],"2":[0,0],"3":[0,0]},"_coverageSchema":"43e27e138ebf9cfc5966b082cf9a028302ed4184","hash":"0f68363e8ce1d7e526be5466e2a66214fae3e8c5"}
,"C:\\Users\\222148\\Documents\\optinoptout\\database\\rest.js": {"path":"C:\\Users\\222148\\Documents\\optinoptout\\database\\rest.js","statementMap":{"0":{"start":{"line":13,"column":0},"end":{"line":29,"column":2}},"1":{"start":{"line":14,"column":1},"end":{"line":14,"column":65}},"2":{"start":{"line":14,"column":35},"end":{"line":14,"column":65}},"3":{"start":{"line":15,"column":17},"end":{"line":15,"column":48}},"4":{"start":{"line":16,"column":13},"end":{"line":27,"column":2}},"5":{"start":{"line":28,"column":1},"end":{"line":28,"column":12}}},"fnMap":{"0":{"name":"(anonymous_0)","decl":{"start":{"line":13,"column":26},"end":{"line":13,"column":27}},"loc":{"start":{"line":13,"column":58},"end":{"line":29,"column":1}},"line":13}},"branchMap":{"0":{"loc":{"start":{"line":14,"column":1},"end":{"line":14,"column":65}},"type":"if","locations":[{"start":{"line":14,"column":1},"end":{"line":14,"column":65}},{"start":{"line":14,"column":1},"end":{"line":14,"column":65}}],"line":14}},"s":{"0":1,"1":0,"2":0,"3":0,"4":0,"5":0},"f":{"0":0},"b":{"0":[0,0]},"_coverageSchema":"43e27e138ebf9cfc5966b082cf9a028302ed4184","hash":"dfbae36550295beaea94092987b9c46e180f0c27"}
}
