{"C:\\Users\\222148\\Documents\\optinoptout\\handler.js": {"path":"C:\\Users\\222148\\Documents\\optinoptout\\handler.js","statementMap":{"0":{"start":{"line":3,"column":10},"end":{"line":3,"column":28}},"1":{"start":{"line":6,"column":16},"end":{"line":8,"column":2}},"2":{"start":{"line":10,"column":13},"end":{"line":15,"column":1}},"3":{"start":{"line":19,"column":0},"end":{"line":36,"column":2}},"4":{"start":{"line":20,"column":16},"end":{"line":30,"column":4}},"5":{"start":{"line":21,"column":4},"end":{"line":29,"column":7}},"6":{"start":{"line":22,"column":6},"end":{"line":28,"column":7}},"7":{"start":{"line":23,"column":8},"end":{"line":23,"column":34}},"8":{"start":{"line":24,"column":8},"end":{"line":24,"column":17}},"9":{"start":{"line":26,"column":8},"end":{"line":26,"column":37}},"10":{"start":{"line":27,"column":8},"end":{"line":27,"column":41}},"11":{"start":{"line":31,"column":2},"end":{"line":35,"column":4}},"12":{"start":{"line":32,"column":4},"end":{"line":32,"column":29}},"13":{"start":{"line":34,"column":4},"end":{"line":34,"column":23}},"14":{"start":{"line":38,"column":0},"end":{"line":62,"column":2}},"15":{"start":{"line":39,"column":15},"end":{"line":44,"column":3}},"16":{"start":{"line":46,"column":16},"end":{"line":56,"column":4}},"17":{"start":{"line":47,"column":4},"end":{"line":55,"column":7}},"18":{"start":{"line":48,"column":6},"end":{"line":54,"column":7}},"19":{"start":{"line":49,"column":8},"end":{"line":49,"column":34}},"20":{"start":{"line":50,"column":8},"end":{"line":50,"column":17}},"21":{"start":{"line":53,"column":8},"end":{"line":53,"column":18}},"22":{"start":{"line":57,"column":2},"end":{"line":61,"column":4}},"23":{"start":{"line":58,"column":4},"end":{"line":58,"column":29}},"24":{"start":{"line":60,"column":4},"end":{"line":60,"column":23}},"25":{"start":{"line":65,"column":0},"end":{"line":94,"column":2}},"26":{"start":{"line":66,"column":19},"end":{"line":76,"column":3}},"27":{"start":{"line":78,"column":16},"end":{"line":88,"column":4}},"28":{"start":{"line":79,"column":4},"end":{"line":87,"column":7}},"29":{"start":{"line":80,"column":6},"end":{"line":86,"column":7}},"30":{"start":{"line":81,"column":8},"end":{"line":81,"column":34}},"31":{"start":{"line":82,"column":8},"end":{"line":82,"column":17}},"32":{"start":{"line":84,"column":8},"end":{"line":84,"column":37}},"33":{"start":{"line":85,"column":8},"end":{"line":85,"column":18}},"34":{"start":{"line":89,"column":2},"end":{"line":93,"column":4}},"35":{"start":{"line":90,"column":4},"end":{"line":90,"column":29}},"36":{"start":{"line":92,"column":4},"end":{"line":92,"column":23}},"37":{"start":{"line":97,"column":0},"end":{"line":121,"column":2}},"38":{"start":{"line":98,"column":19},"end":{"line":103,"column":3}},"39":{"start":{"line":105,"column":16},"end":{"line":115,"column":4}},"40":{"start":{"line":106,"column":4},"end":{"line":114,"column":7}},"41":{"start":{"line":107,"column":6},"end":{"line":113,"column":7}},"42":{"start":{"line":108,"column":8},"end":{"line":108,"column":34}},"43":{"start":{"line":109,"column":8},"end":{"line":109,"column":17}},"44":{"start":{"line":111,"column":8},"end":{"line":111,"column":37}},"45":{"start":{"line":112,"column":8},"end":{"line":112,"column":18}},"46":{"start":{"line":116,"column":2},"end":{"line":120,"column":4}},"47":{"start":{"line":117,"column":4},"end":{"line":117,"column":29}},"48":{"start":{"line":119,"column":4},"end":{"line":119,"column":23}},"49":{"start":{"line":125,"column":14},"end":{"line":133,"column":1}},"50":{"start":{"line":127,"column":17},"end":{"line":131,"column":3}},"51":{"start":{"line":132,"column":2},"end":{"line":132,"column":27}},"52":{"start":{"line":136,"column":11},"end":{"line":144,"column":1}},"53":{"start":{"line":138,"column":17},"end":{"line":142,"column":3}},"54":{"start":{"line":143,"column":2},"end":{"line":143,"column":27}}},"fnMap":{"0":{"name":"(anonymous_0)","decl":{"start":{"line":19,"column":24},"end":{"line":19,"column":25}},"loc":{"start":{"line":19,"column":60},"end":{"line":36,"column":1}},"line":19},"1":{"name":"(anonymous_1)","decl":{"start":{"line":20,"column":28},"end":{"line":20,"column":29}},"loc":{"start":{"line":20,"column":42},"end":{"line":30,"column":3}},"line":20},"2":{"name":"(anonymous_2)","decl":{"start":{"line":21,"column":26},"end":{"line":21,"column":27}},"loc":{"start":{"line":21,"column":47},"end":{"line":29,"column":5}},"line":21},"3":{"name":"(anonymous_3)","decl":{"start":{"line":31,"column":15},"end":{"line":31,"column":16}},"loc":{"start":{"line":31,"column":26},"end":{"line":33,"column":3}},"line":31},"4":{"name":"(anonymous_4)","decl":{"start":{"line":33,"column":11},"end":{"line":33,"column":12}},"loc":{"start":{"line":33,"column":19},"end":{"line":35,"column":3}},"line":33},"5":{"name":"(anonymous_5)","decl":{"start":{"line":38,"column":27},"end":{"line":38,"column":28}},"loc":{"start":{"line":38,"column":63},"end":{"line":62,"column":1}},"line":38},"6":{"name":"(anonymous_6)","decl":{"start":{"line":46,"column":28},"end":{"line":46,"column":29}},"loc":{"start":{"line":46,"column":42},"end":{"line":56,"column":3}},"line":46},"7":{"name":"(anonymous_7)","decl":{"start":{"line":47,"column":26},"end":{"line":47,"column":27}},"loc":{"start":{"line":47,"column":47},"end":{"line":55,"column":5}},"line":47},"8":{"name":"(anonymous_8)","decl":{"start":{"line":57,"column":21},"end":{"line":57,"column":22}},"loc":{"start":{"line":57,"column":32},"end":{"line":59,"column":3}},"line":57},"9":{"name":"(anonymous_9)","decl":{"start":{"line":59,"column":11},"end":{"line":59,"column":12}},"loc":{"start":{"line":59,"column":19},"end":{"line":61,"column":3}},"line":59},"10":{"name":"(anonymous_10)","decl":{"start":{"line":65,"column":24},"end":{"line":65,"column":25}},"loc":{"start":{"line":65,"column":60},"end":{"line":94,"column":1}},"line":65},"11":{"name":"(anonymous_11)","decl":{"start":{"line":78,"column":28},"end":{"line":78,"column":29}},"loc":{"start":{"line":78,"column":42},"end":{"line":88,"column":3}},"line":78},"12":{"name":"(anonymous_12)","decl":{"start":{"line":79,"column":33},"end":{"line":79,"column":34}},"loc":{"start":{"line":79,"column":54},"end":{"line":87,"column":5}},"line":79},"13":{"name":"(anonymous_13)","decl":{"start":{"line":89,"column":21},"end":{"line":89,"column":22}},"loc":{"start":{"line":89,"column":32},"end":{"line":91,"column":3}},"line":89},"14":{"name":"(anonymous_14)","decl":{"start":{"line":91,"column":11},"end":{"line":91,"column":12}},"loc":{"start":{"line":91,"column":19},"end":{"line":93,"column":3}},"line":91},"15":{"name":"(anonymous_15)","decl":{"start":{"line":97,"column":24},"end":{"line":97,"column":25}},"loc":{"start":{"line":97,"column":60},"end":{"line":121,"column":1}},"line":97},"16":{"name":"(anonymous_16)","decl":{"start":{"line":105,"column":28},"end":{"line":105,"column":29}},"loc":{"start":{"line":105,"column":42},"end":{"line":115,"column":3}},"line":105},"17":{"name":"(anonymous_17)","decl":{"start":{"line":106,"column":33},"end":{"line":106,"column":34}},"loc":{"start":{"line":106,"column":54},"end":{"line":114,"column":5}},"line":106},"18":{"name":"(anonymous_18)","decl":{"start":{"line":116,"column":21},"end":{"line":116,"column":22}},"loc":{"start":{"line":116,"column":32},"end":{"line":118,"column":3}},"line":116},"19":{"name":"(anonymous_19)","decl":{"start":{"line":118,"column":11},"end":{"line":118,"column":12}},"loc":{"start":{"line":118,"column":19},"end":{"line":120,"column":3}},"line":118},"20":{"name":"(anonymous_20)","decl":{"start":{"line":125,"column":14},"end":{"line":125,"column":15}},"loc":{"start":{"line":125,"column":35},"end":{"line":133,"column":1}},"line":125},"21":{"name":"(anonymous_21)","decl":{"start":{"line":136,"column":11},"end":{"line":136,"column":12}},"loc":{"start":{"line":136,"column":32},"end":{"line":144,"column":1}},"line":136}},"branchMap":{"0":{"loc":{"start":{"line":22,"column":6},"end":{"line":28,"column":7}},"type":"if","locations":[{"start":{"line":22,"column":6},"end":{"line":28,"column":7}},{"start":{"line":22,"column":6},"end":{"line":28,"column":7}}],"line":22},"1":{"loc":{"start":{"line":48,"column":6},"end":{"line":54,"column":7}},"type":"if","locations":[{"start":{"line":48,"column":6},"end":{"line":54,"column":7}},{"start":{"line":48,"column":6},"end":{"line":54,"column":7}}],"line":48},"2":{"loc":{"start":{"line":80,"column":6},"end":{"line":86,"column":7}},"type":"if","locations":[{"start":{"line":80,"column":6},"end":{"line":86,"column":7}},{"start":{"line":80,"column":6},"end":{"line":86,"column":7}}],"line":80},"3":{"loc":{"start":{"line":107,"column":6},"end":{"line":113,"column":7}},"type":"if","locations":[{"start":{"line":107,"column":6},"end":{"line":113,"column":7}},{"start":{"line":107,"column":6},"end":{"line":113,"column":7}}],"line":107}},"s":{"0":1,"1":1,"2":1,"3":1,"4":1,"5":1,"6":1,"7":0,"8":0,"9":1,"10":1,"11":1,"12":1,"13":0,"14":1,"15":1,"16":1,"17":1,"18":1,"19":0,"20":0,"21":1,"22":1,"23":1,"24":0,"25":1,"26":2,"27":2,"28":2,"29":2,"30":0,"31":0,"32":2,"33":2,"34":2,"35":2,"36":0,"37":1,"38":0,"39":0,"40":0,"41":0,"42":0,"43":0,"44":0,"45":0,"46":0,"47":0,"48":0,"49":1,"50":4,"51":4,"52":1,"53":0,"54":0},"f":{"0":1,"1":1,"2":1,"3":1,"4":0,"5":1,"6":1,"7":1,"8":1,"9":0,"10":2,"11":2,"12":2,"13":2,"14":0,"15":0,"16":0,"17":0,"18":0,"19":0,"20":4,"21":0},"b":{"0":[0,1],"1":[0,1],"2":[0,2],"3":[0,0]},"_coverageSchema":"43e27e138ebf9cfc5966b082cf9a028302ed4184","hash":"9430294d868eeaa7ff16e2b6b1bb999f1da44093"}
}
