TN:
SF:C:\Users\222148\Documents\optinoptout\handler.js
FN:19,(anonymous_0)
FN:20,(anonymous_1)
FN:21,(anonymous_2)
FN:31,(anonymous_3)
FN:33,(anonymous_4)
FN:38,(anonymous_5)
FN:46,(anonymous_6)
FN:47,(anonymous_7)
FN:57,(anonymous_8)
FN:59,(anonymous_9)
FN:65,(anonymous_10)
FN:78,(anonymous_11)
FN:79,(anonymous_12)
FN:89,(anonymous_13)
FN:91,(anonymous_14)
FN:97,(anonymous_15)
FN:105,(anonymous_16)
FN:106,(anonymous_17)
FN:116,(anonymous_18)
FN:118,(anonymous_19)
FN:125,(anonymous_20)
FN:136,(anonymous_21)
FNF:22
FNH:13
FNDA:1,(anonymous_0)
FNDA:1,(anonymous_1)
FNDA:1,(anonymous_2)
FNDA:1,(anonymous_3)
FNDA:0,(anonymous_4)
FNDA:1,(anonymous_5)
FNDA:1,(anonymous_6)
FNDA:1,(anonymous_7)
FNDA:1,(anonymous_8)
FNDA:0,(anonymous_9)
FNDA:2,(anonymous_10)
FNDA:2,(anonymous_11)
FNDA:2,(anonymous_12)
FNDA:2,(anonymous_13)
FNDA:0,(anonymous_14)
FNDA:0,(anonymous_15)
FNDA:0,(anonymous_16)
FNDA:0,(anonymous_17)
FNDA:0,(anonymous_18)
FNDA:0,(anonymous_19)
FNDA:4,(anonymous_20)
FNDA:0,(anonymous_21)
DA:3,1
DA:6,1
DA:10,1
DA:19,1
DA:20,1
DA:21,1
DA:22,1
DA:23,0
DA:24,0
DA:26,1
DA:27,1
DA:31,1
DA:32,1
DA:34,0
DA:38,1
DA:39,1
DA:46,1
DA:47,1
DA:48,1
DA:49,0
DA:50,0
DA:53,1
DA:57,1
DA:58,1
DA:60,0
DA:65,1
DA:66,2
DA:78,2
DA:79,2
DA:80,2
DA:81,0
DA:82,0
DA:84,2
DA:85,2
DA:89,2
DA:90,2
DA:92,0
DA:97,1
DA:98,0
DA:105,0
DA:106,0
DA:107,0
DA:108,0
DA:109,0
DA:111,0
DA:112,0
DA:116,0
DA:117,0
DA:119,0
DA:125,1
DA:127,4
DA:132,4
DA:136,1
DA:138,0
DA:143,0
LF:55
LH:33
BRDA:22,0,0,0
BRDA:22,0,1,1
BRDA:48,1,0,0
BRDA:48,1,1,1
BRDA:80,2,0,0
BRDA:80,2,1,2
BRDA:107,3,0,0
BRDA:107,3,1,0
BRF:8
BRH:3
end_of_record
